2025-09-01T10:04:31.590960+00:00 INFO 'ansible_navigator.setup_logger' New ansible-navigator instance, logging initialized
2025-09-01T10:04:31.591416+00:00 INFO 'ansible_navigator.setup_logger' New ansible-runner instance, logging initialized
2025-09-01T10:04:31.591475+00:00 DEBUG 'ansible_navigator.main' MarkupSafe==3.0.2 
2025-09-01T10:04:31.591512+00:00 DEBUG 'ansible_navigator.main' Parsley==1.3 
2025-09-01T10:04:31.591541+00:00 DEBUG 'ansible_navigator.main' PyYAML==6.0.2 
2025-09-01T10:04:31.591567+00:00 DEBUG 'ansible_navigator.main' ansible-builder==3.1.0 
2025-09-01T10:04:31.591593+00:00 DEBUG 'ansible_navigator.main' ansible-compat==25.8.1 
2025-09-01T10:04:31.591624+00:00 DEBUG 'ansible_navigator.main' ansible-core==2.17.13 
2025-09-01T10:04:31.591649+00:00 DEBUG 'ansible_navigator.main' ansible-lint==25.8.2 
2025-09-01T10:04:31.591677+00:00 DEBUG 'ansible_navigator.main' ansible-navigator==25.8.0 
2025-09-01T10:04:31.591702+00:00 DEBUG 'ansible_navigator.main' ansible-runner==2.4.1 
2025-09-01T10:04:31.591729+00:00 DEBUG 'ansible_navigator.main' bindep==2.13.0 /home/vorpax/dev/homelab/ansible/.venv/lib/python3.10/site-packages/bindep/__init__.py
2025-09-01T10:04:31.591753+00:00 DEBUG 'ansible_navigator.main' cffi==1.17.1 /home/vorpax/dev/homelab/ansible/.venv/lib/python3.10/site-packages/cffi/__init__.py
2025-09-01T10:04:31.591776+00:00 DEBUG 'ansible_navigator.main' distro==1.9.0 /home/vorpax/dev/homelab/ansible/.venv/lib/python3.10/site-packages/distro/__init__.py
2025-09-01T10:04:31.591804+00:00 DEBUG 'ansible_navigator.main' importlib_metadata==8.7.0 /home/vorpax/dev/homelab/ansible/.venv/lib/python3.10/site-packages/importlib_metadata/__init__.py
2025-09-01T10:04:31.591827+00:00 DEBUG 'ansible_navigator.main' lockfile==0.12.2 /home/vorpax/dev/homelab/ansible/.venv/lib/python3.10/site-packages/lockfile/__init__.py
2025-09-01T10:04:31.591854+00:00 DEBUG 'ansible_navigator.main' onigurumacffi==1.4.1 /home/vorpax/dev/homelab/ansible/.venv/lib/python3.10/site-packages/onigurumacffi.py
2025-09-01T10:04:31.591878+00:00 DEBUG 'ansible_navigator.main' pbr==7.0.1 /home/vorpax/dev/homelab/ansible/.venv/lib/python3.10/site-packages/pbr/__init__.py
2025-09-01T10:04:31.591903+00:00 DEBUG 'ansible_navigator.main' pexpect==4.9.0 /home/vorpax/dev/homelab/ansible/.venv/lib/python3.10/site-packages/pexpect/__init__.py
2025-09-01T10:04:31.591927+00:00 DEBUG 'ansible_navigator.main' pycparser==2.22 /home/vorpax/dev/homelab/ansible/.venv/lib/python3.10/site-packages/pycparser/__init__.py
2025-09-01T10:04:31.591949+00:00 DEBUG 'ansible_navigator.main' python-daemon==3.1.2 
2025-09-01T10:04:31.591975+00:00 DEBUG 'ansible_navigator.main' resolvelib==1.0.1 /home/vorpax/dev/homelab/ansible/.venv/lib/python3.10/site-packages/resolvelib/__init__.py
2025-09-01T10:04:31.591999+00:00 DEBUG 'ansible_navigator.main' ruamel.yaml.clib==0.2.12 
2025-09-01T10:04:31.592024+00:00 DEBUG 'ansible_navigator.main' ruamel.yaml==0.18.15 /home/vorpax/dev/homelab/ansible/.venv/lib/python3.10/site-packages/ruamel/yaml/__init__.py
2025-09-01T10:04:31.592046+00:00 DEBUG 'ansible_navigator.main' setuptools==80.9.0 /home/vorpax/dev/homelab/ansible/.venv/lib/python3.10/site-packages/setuptools/__init__.py
2025-09-01T10:04:31.592073+00:00 DEBUG 'ansible_navigator.main' subprocess-tee==0.4.2 
2025-09-01T10:04:31.592097+00:00 DEBUG 'ansible_navigator.main' tzdata==2025.2 /home/vorpax/dev/homelab/ansible/.venv/lib/python3.10/site-packages/tzdata/__init__.py
2025-09-01T10:04:31.592123+00:00 DEBUG 'ansible_navigator.main' yamllint==1.37.1 /home/vorpax/dev/homelab/ansible/.venv/lib/python3.10/site-packages/yamllint/__init__.py
2025-09-01T10:04:31.592146+00:00 DEBUG 'ansible_navigator.main' zipp==3.23.0 /home/vorpax/dev/homelab/ansible/.venv/lib/python3.10/site-packages/zipp/__init__.py
2025-09-01T10:04:31.592172+00:00 DEBUG 'ansible_navigator.main' Default collection_doc_cache_path set to: /home/vorpax/.cache/ansible-navigator/collection_doc_cache.db
2025-09-01T10:04:31.592195+00:00 DEBUG 'ansible_navigator.main' EDITOR environment variable not set
2025-09-01T10:04:31.592220+00:00 DEBUG 'ansible_navigator.main' Default editor_command set to: vi +{line_number} {filename}
2025-09-01T10:04:31.592253+00:00 DEBUG 'ansible_navigator.main' No config file set by ANSIBLE_NAVIGATOR_CONFIG
2025-09-01T10:04:31.592284+00:00 DEBUG 'ansible_navigator.main' Looking in /home/vorpax/.ansible-navigator
2025-09-01T10:04:31.592398+00:00 DEBUG 'ansible_navigator.main' Looking for '/home/vorpax/.ansible-navigator.yml', '/home/vorpax/.ansible-navigator.yaml' and '/home/vorpax/.ansible-navigator.json'
2025-09-01T10:04:31.592533+00:00 DEBUG 'ansible_navigator.main' Found 0: 
2025-09-01T10:04:31.592657+00:00 DEBUG 'ansible_navigator.main' Looking in /home/vorpax/dev/homelab/ansible/ansible-navigator
2025-09-01T10:04:31.592779+00:00 DEBUG 'ansible_navigator.main' Looking for '/home/vorpax/dev/homelab/ansible/ansible-navigator.yml', '/home/vorpax/dev/homelab/ansible/ansible-navigator.yaml' and '/home/vorpax/dev/homelab/ansible/ansible-navigator.json'
2025-09-01T10:04:31.592899+00:00 DEBUG 'ansible_navigator.main' Found 1: '/home/vorpax/dev/homelab/ansible/ansible-navigator.yml'
2025-09-01T10:04:31.593032+00:00 DEBUG 'ansible_navigator.main' All found 1: '/home/vorpax/dev/homelab/ansible/ansible-navigator.yml'
2025-09-01T10:04:31.593154+00:00 DEBUG 'ansible_navigator.main' Using: /home/vorpax/dev/homelab/ansible/ansible-navigator.yml
2025-09-01T10:04:31.593273+00:00 DEBUG 'ansible_navigator.main' Using settings file at /home/vorpax/dev/homelab/ansible/ansible-navigator.yml in search path
2025-09-01T10:04:31.593443+00:00 DEBUG 'ansible_navigator.main' Command provided: ''
2025-09-01T10:04:31.593589+00:00 DEBUG 'ansible_navigator.main' ansible-navigator.ansible-runner.artifact-dir not found in settings file
2025-09-01T10:04:31.593660+00:00 DEBUG 'ansible_navigator.main' ansible-navigator.ansible-runner.rotate-artifacts-count not found in settings file
2025-09-01T10:04:31.593828+00:00 DEBUG 'ansible_navigator.main' ansible-navigator.ansible-runner.timeout not found in settings file
2025-09-01T10:04:31.593889+00:00 DEBUG 'ansible_navigator.main' ansible-navigator.ansible-runner.job-events not found in settings file
2025-09-01T10:04:31.593993+00:00 DEBUG 'ansible_navigator.main' ansible-navigator.app not found in settings file
2025-09-01T10:04:31.594107+00:00 DEBUG 'ansible_navigator.main' ansible-navigator.ansible.cmdline not found in settings file
2025-09-01T10:04:31.594226+00:00 DEBUG 'ansible_navigator.main' ansible-navigator.collection-doc-cache-path not found in settings file
2025-09-01T10:04:31.594324+00:00 DEBUG 'ansible_navigator.main' ansible-navigator.ansible.config.path not found in settings file
2025-09-01T10:04:31.594379+00:00 DEBUG 'ansible_navigator.main' ansible-navigator.execution-environment.container-engine not found in settings file
2025-09-01T10:04:31.594454+00:00 DEBUG 'ansible_navigator.main' ansible-navigator.execution-environment.container-options not found in settings file
2025-09-01T10:04:31.594559+00:00 DEBUG 'ansible_navigator.main' ansible-navigator.color.enable not found in settings file
2025-09-01T10:04:31.594608+00:00 DEBUG 'ansible_navigator.main' ansible-navigator.editor.command not found in settings file
2025-09-01T10:04:31.594663+00:00 DEBUG 'ansible_navigator.main' ansible-navigator.editor.console not found in settings file
2025-09-01T10:04:31.594768+00:00 DEBUG 'ansible_navigator.main' ansible-navigator.exec.command not found in settings file
2025-09-01T10:04:31.594818+00:00 DEBUG 'ansible_navigator.main' ansible-navigator.exec.shell not found in settings file
2025-09-01T10:04:31.594887+00:00 DEBUG 'ansible_navigator.main' ansible-navigator.execution-environment.enabled not found in settings file
2025-09-01T10:04:31.594996+00:00 DEBUG 'ansible_navigator.main' ansible-navigator.execution-environment.image not found in settings file
2025-09-01T10:04:31.595114+00:00 DEBUG 'ansible_navigator.main' ansible-navigator.execution-environment.volume-mounts not found in settings file
2025-09-01T10:04:31.595239+00:00 DEBUG 'ansible_navigator.main' ansible-navigator.format not found in settings file
2025-09-01T10:04:31.595365+00:00 DEBUG 'ansible_navigator.main' ansible-navigator.ansible-builder.help not found in settings file
2025-09-01T10:04:31.595484+00:00 DEBUG 'ansible_navigator.main' ansible-navigator.ansible.config.help not found in settings file
2025-09-01T10:04:31.595604+00:00 DEBUG 'ansible_navigator.main' ansible-navigator.ansible.doc.help not found in settings file
2025-09-01T10:04:31.595723+00:00 DEBUG 'ansible_navigator.main' ansible-navigator.ansible.inventory.help not found in settings file
2025-09-01T10:04:31.595842+00:00 DEBUG 'ansible_navigator.main' ansible-navigator.ansible.playbook.help not found in settings file
2025-09-01T10:04:31.595961+00:00 DEBUG 'ansible_navigator.main' ansible-navigator.images.details not found in settings file
2025-09-01T10:04:31.596082+00:00 DEBUG 'ansible_navigator.main' ansible-navigator.ansible.inventory.entries not found in settings file
2025-09-01T10:04:31.596211+00:00 DEBUG 'ansible_navigator.main' ansible-navigator.inventory-columns not found in settings file
2025-09-01T10:04:31.596328+00:00 DEBUG 'ansible_navigator.main' ansible-navigator.ansible-lint.config not found in settings file
2025-09-01T10:04:31.596447+00:00 DEBUG 'ansible_navigator.main' ansible-navigator.ansible-lint.lintables not found in settings file
2025-09-01T10:04:31.596566+00:00 DEBUG 'ansible_navigator.main' ansible-navigator.logging.file not found in settings file
2025-09-01T10:04:31.596685+00:00 DEBUG 'ansible_navigator.main' ansible-navigator.mode not found in settings file
2025-09-01T10:04:31.596804+00:00 DEBUG 'ansible_navigator.main' ansible-navigator.color.osc4 not found in settings file
2025-09-01T10:04:31.596922+00:00 DEBUG 'ansible_navigator.main' ansible-navigator.execution-environment.environment-variables.pass not found in settings file
2025-09-01T10:04:31.597039+00:00 DEBUG 'ansible_navigator.main' ansible-navigator.ansible.playbook.path not found in settings file
2025-09-01T10:04:31.597158+00:00 DEBUG 'ansible_navigator.main' ansible-navigator.ansible.doc.plugin.name not found in settings file
2025-09-01T10:04:31.597308+00:00 DEBUG 'ansible_navigator.main' ansible-navigator.ansible.doc.plugin.type not found in settings file
2025-09-01T10:04:31.597430+00:00 DEBUG 'ansible_navigator.main' ansible-navigator.execution-environment.pull.arguments not found in settings file
2025-09-01T10:04:31.597551+00:00 DEBUG 'ansible_navigator.main' ansible-navigator.execution-environment.pull.policy not found in settings file
2025-09-01T10:04:31.597677+00:00 DEBUG 'ansible_navigator.main' ansible-navigator.execution-environment.environment-variables.set not found in settings file
2025-09-01T10:04:31.597813+00:00 DEBUG 'ansible_navigator.main' ansible-navigator.settings.effective not found in settings file
2025-09-01T10:04:31.597910+00:00 DEBUG 'ansible_navigator.main' ansible-navigator.settings.sample not found in settings file
2025-09-01T10:04:31.598030+00:00 DEBUG 'ansible_navigator.main' ansible-navigator.settings.schema not found in settings file
2025-09-01T10:04:31.598150+00:00 DEBUG 'ansible_navigator.main' ansible-navigator.settings.sources not found in settings file
2025-09-01T10:04:31.598269+00:00 DEBUG 'ansible_navigator.main' ansible-navigator.time-zone not found in settings file
2025-09-01T10:04:31.598391+00:00 DEBUG 'ansible_navigator.main' ansible-navigator.ansible-builder.workdir not found in settings file
2025-09-01T10:04:31.598499+00:00 DEBUG 'ansible_navigator.main' EE support enabled: using current working directory for 'ansible.cfg'
2025-09-01T10:04:31.598596+00:00 INFO 'ansible_navigator.main' EE support enabled: no 'ansible.cfg' found in current working directory. Tried /home/vorpax/dev/homelab/ansible/ansible.cfg
2025-09-01T10:04:31.598718+00:00 DEBUG 'ansible_navigator.main' Completed post processing for ansible_runner_artifact_dir. (changed=False)
2025-09-01T10:04:31.598812+00:00 DEBUG 'ansible_navigator.main' Completed post processing for ansible_runner_rotate_artifacts_count. (changed=False)
2025-09-01T10:04:31.598931+00:00 DEBUG 'ansible_navigator.main' Completed post processing for ansible_runner_timeout. (changed=False)
2025-09-01T10:04:31.599055+00:00 DEBUG 'ansible_navigator.main' Completed post processing for cmdline. (changed=False)
2025-09-01T10:04:31.599174+00:00 DEBUG 'ansible_navigator.main' Completed post processing for collection_doc_cache_path. (changed=False)
2025-09-01T10:04:31.599293+00:00 DEBUG 'ansible_navigator.main' Completed post processing for config. (changed=False)
2025-09-01T10:04:31.599428+00:00 DEBUG 'ansible_navigator.main' Completed post processing for config. (changed=False)
2025-09-01T10:04:31.599547+00:00 DEBUG 'ansible_navigator.main' Completed post processing for container_engine. (changed=True)
2025-09-01T10:04:31.599669+00:00 DEBUG 'ansible_navigator.main'  before: 'auto'
2025-09-01T10:04:31.599788+00:00 DEBUG 'ansible_navigator.main'  after: 'docker'
2025-09-01T10:04:31.599906+00:00 DEBUG 'ansible_navigator.main' Completed post processing for container_options. (changed=False)
2025-09-01T10:04:31.600025+00:00 DEBUG 'ansible_navigator.main' Completed post processing for display_color. (changed=False)
2025-09-01T10:04:31.600142+00:00 DEBUG 'ansible_navigator.main' `enable_prompts requesting mode stdout and pae as False
2025-09-01T10:04:31.600261+00:00 DEBUG 'ansible_navigator.main' Completed post processing for enable_prompts. (changed=False)
2025-09-01T10:04:31.600379+00:00 DEBUG 'ansible_navigator.main' Completed post processing for execution_environment. (changed=False)
2025-09-01T10:04:31.600496+00:00 DEBUG 'ansible_navigator.main' Completed post processing for execution_environment_image. (changed=False)
2025-09-01T10:04:31.600613+00:00 DEBUG 'ansible_navigator.main' Completed post processing for help_builder. (changed=False)
2025-09-01T10:04:31.600732+00:00 DEBUG 'ansible_navigator.main' Completed post processing for help_config. (changed=False)
2025-09-01T10:04:31.600860+00:00 DEBUG 'ansible_navigator.main' Completed post processing for help_doc. (changed=False)
2025-09-01T10:04:31.600982+00:00 DEBUG 'ansible_navigator.main' Completed post processing for help_inventory. (changed=False)
2025-09-01T10:04:31.601101+00:00 DEBUG 'ansible_navigator.main' Completed post processing for help_playbook. (changed=False)
2025-09-01T10:04:31.601217+00:00 DEBUG 'ansible_navigator.main' Completed post processing for images_details. (changed=False)
2025-09-01T10:04:31.601334+00:00 DEBUG 'ansible_navigator.main' Completed post processing for inventory. (changed=False)
2025-09-01T10:04:31.601465+00:00 DEBUG 'ansible_navigator.main' Completed post processing for inventory_column. (changed=False)
2025-09-01T10:04:31.601562+00:00 DEBUG 'ansible_navigator.main' Completed post processing for log_file. (changed=False)
2025-09-01T10:04:31.601640+00:00 DEBUG 'ansible_navigator.main' Completed post processing for pass_environment_variable. (changed=False)
2025-09-01T10:04:31.601729+00:00 DEBUG 'ansible_navigator.main' Completed post processing for playbook. (changed=False)
2025-09-01T10:04:31.601861+00:00 DEBUG 'ansible_navigator.main' Completed post processing for playbook_artifact_replay. (changed=False)
2025-09-01T10:04:31.601914+00:00 DEBUG 'ansible_navigator.main' Completed post processing for playbook_artifact_save_as. (changed=False)
2025-09-01T10:04:31.602021+00:00 DEBUG 'ansible_navigator.main' Completed post processing for plugin_name. (changed=False)
2025-09-01T10:04:31.602154+00:00 DEBUG 'ansible_navigator.main' Completed post processing for pull_arguments. (changed=False)
2025-09-01T10:04:31.602291+00:00 DEBUG 'ansible_navigator.main' Completed post processing for set_environment_variable. (changed=False)
2025-09-01T10:04:31.602424+00:00 DEBUG 'ansible_navigator.main' Completed post processing for settings_effective. (changed=False)
2025-09-01T10:04:31.602553+00:00 DEBUG 'ansible_navigator.main' Completed post processing for settings_sample. (changed=False)
2025-09-01T10:04:31.602657+00:00 DEBUG 'ansible_navigator.main' Completed post processing for settings_schema. (changed=False)
2025-09-01T10:04:31.602763+00:00 DEBUG 'ansible_navigator.main' Completed post processing for settings_sources. (changed=False)
2025-09-01T10:04:31.602893+00:00 DEBUG 'ansible_navigator.main' Completed post processing for time_zone. (changed=False)
2025-09-01T10:04:31.603014+00:00 DEBUG 'ansible_navigator.main' Completed post processing for execution_environment_volume_mounts. (changed=False)
2025-09-01T10:04:31.603137+00:00 INFO 'ansible_navigator.main' Parameter 'enable_prompts' required mode 'stdout'.
2025-09-01T10:04:31.603260+00:00 INFO 'ansible_navigator.main' Mode will be set to 'stdout'
2025-09-01T10:04:31.603382+00:00 DEBUG 'ansible_navigator.main' Completed post processing for mode. (changed=True)
2025-09-01T10:04:31.603514+00:00 DEBUG 'ansible_navigator.main'  before: 'interactive'
2025-09-01T10:04:31.603637+00:00 DEBUG 'ansible_navigator.main'  after: 'stdout'
2025-09-01T10:04:31.603758+00:00 INFO 'ansible_navigator.main' Parameter 'enable_prompts' required pae 'False'.
2025-09-01T10:04:31.603876+00:00 INFO 'ansible_navigator.main' Pae will be set to 'False'
2025-09-01T10:04:31.603996+00:00 DEBUG 'ansible_navigator.main' Completed post processing for playbook_artifact_enable. (changed=True)
2025-09-01T10:04:31.604115+00:00 DEBUG 'ansible_navigator.main'  before: 'True'
2025-09-01T10:04:31.604234+00:00 DEBUG 'ansible_navigator.main'  after: 'False'
2025-09-01T10:04:31.604359+00:00 DEBUG 'ansible_navigator.main' Collection doc cache not mounted
2025-09-01T10:04:31.604482+00:00 DEBUG 'ansible_navigator.main' Collection doc cache: 'path' is '/home/vorpax/.cache/ansible-navigator/collection_doc_cache.db'
2025-09-01T10:04:31.604601+00:00 DEBUG 'ansible_navigator.main' Collection doc cache: 'current version' is '1.1'
2025-09-01T10:04:31.604729+00:00 DEBUG 'ansible_navigator.main' Collection doc cache not attached to args.internals
2025-09-01T10:04:31.604852+00:00 DEBUG 'ansible_navigator.main' Running with ansible_runner_artifact_dir as 'Not set' (Constants/Not set)
2025-09-01T10:04:31.604974+00:00 DEBUG 'ansible_navigator.main' Running with ansible_runner_rotate_artifacts_count as 'Not set' (Constants/Not set)
2025-09-01T10:04:31.605096+00:00 DEBUG 'ansible_navigator.main' Running with ansible_runner_timeout as 'Not set' (Constants/Not set)
2025-09-01T10:04:31.605217+00:00 DEBUG 'ansible_navigator.main' Running with ansible_runner_write_job_events as 'False' (bool/Defaults)
2025-09-01T10:04:31.605337+00:00 DEBUG 'ansible_navigator.main' Running with app as 'welcome' (str/Defaults)
2025-09-01T10:04:31.605459+00:00 DEBUG 'ansible_navigator.main' Running with cmdline as 'Not set' (Constants/Not set)
2025-09-01T10:04:31.605589+00:00 DEBUG 'ansible_navigator.main' Running with collection_doc_cache_path as '/home/vorpax/.cache/ansible-navigator/collection_doc_cache.db' (str/Defaults)
2025-09-01T10:04:31.605699+00:00 DEBUG 'ansible_navigator.main' Running with config as 'Not set' (Constants/Not set)
2025-09-01T10:04:31.605872+00:00 DEBUG 'ansible_navigator.main' Running with container_engine as 'docker' (str/Automatically determined)
2025-09-01T10:04:31.605994+00:00 DEBUG 'ansible_navigator.main' Running with container_options as 'Not set' (Constants/Not set)
2025-09-01T10:04:31.606116+00:00 DEBUG 'ansible_navigator.main' Running with display_color as 'True' (bool/Defaults)
2025-09-01T10:04:31.606236+00:00 DEBUG 'ansible_navigator.main' Running with editor_command as 'vi +{line_number} {filename}' (str/Defaults)
2025-09-01T10:04:31.606362+00:00 DEBUG 'ansible_navigator.main' Running with editor_console as 'True' (bool/Defaults)
2025-09-01T10:04:31.606484+00:00 DEBUG 'ansible_navigator.main' Running with enable_prompts as 'True' (bool/Settings file)
2025-09-01T10:04:31.606606+00:00 DEBUG 'ansible_navigator.main' Running with exec_command as '/bin/bash' (str/Defaults)
2025-09-01T10:04:31.606729+00:00 DEBUG 'ansible_navigator.main' Running with exec_shell as 'True' (bool/Defaults)
2025-09-01T10:04:31.606851+00:00 DEBUG 'ansible_navigator.main' Running with execution_environment as 'True' (bool/Defaults)
2025-09-01T10:04:31.606973+00:00 DEBUG 'ansible_navigator.main' Running with execution_environment_image as 'ghcr.io/ansible/community-ansible-dev-tools:latest' (str/Defaults)
2025-09-01T10:04:31.607105+00:00 DEBUG 'ansible_navigator.main' Running with execution_environment_volume_mounts as 'Not set' (Constants/Not set)
2025-09-01T10:04:31.607226+00:00 DEBUG 'ansible_navigator.main' Running with format as 'yaml' (str/Defaults)
2025-09-01T10:04:31.607348+00:00 DEBUG 'ansible_navigator.main' Running with help_builder as 'False' (bool/Defaults)
2025-09-01T10:04:31.607467+00:00 DEBUG 'ansible_navigator.main' Running with help_config as 'False' (bool/Defaults)
2025-09-01T10:04:31.607587+00:00 DEBUG 'ansible_navigator.main' Running with help_doc as 'False' (bool/Defaults)
2025-09-01T10:04:31.607728+00:00 DEBUG 'ansible_navigator.main' Running with help_inventory as 'False' (bool/Defaults)
2025-09-01T10:04:31.607851+00:00 DEBUG 'ansible_navigator.main' Running with help_playbook as 'False' (bool/Defaults)
2025-09-01T10:04:31.607974+00:00 DEBUG 'ansible_navigator.main' Running with images_details as '['everything']' (list/Defaults)
2025-09-01T10:04:31.608097+00:00 DEBUG 'ansible_navigator.main' Running with inventory as 'Not set' (Constants/Not set)
2025-09-01T10:04:31.608216+00:00 DEBUG 'ansible_navigator.main' Running with inventory_column as 'Not set' (Constants/Not set)
2025-09-01T10:04:31.608335+00:00 DEBUG 'ansible_navigator.main' Running with lint_config as 'Not set' (Constants/Not set)
2025-09-01T10:04:31.608455+00:00 DEBUG 'ansible_navigator.main' Running with lintables as 'Not set' (Constants/Not set)
2025-09-01T10:04:31.608574+00:00 DEBUG 'ansible_navigator.main' Running with log_append as 'False' (bool/Settings file)
2025-09-01T10:04:31.608694+00:00 DEBUG 'ansible_navigator.main' Running with log_file as '/home/vorpax/dev/homelab/ansible/ansible-navigator.log' (str/Defaults)
2025-09-01T10:04:31.608813+00:00 DEBUG 'ansible_navigator.main' Running with log_level as 'debug' (str/Settings file)
2025-09-01T10:04:31.608962+00:00 DEBUG 'ansible_navigator.main' Running with mode as 'stdout' (str/Automatically determined)
2025-09-01T10:04:31.609090+00:00 DEBUG 'ansible_navigator.main' Running with osc4 as 'True' (bool/Defaults)
2025-09-01T10:04:31.609211+00:00 DEBUG 'ansible_navigator.main' Running with pass_environment_variable as 'Not set' (Constants/Not set)
2025-09-01T10:04:31.609330+00:00 DEBUG 'ansible_navigator.main' Running with playbook as 'Not set' (Constants/Not set)
2025-09-01T10:04:31.609458+00:00 DEBUG 'ansible_navigator.main' Running with playbook_artifact_enable as 'False' (bool/Settings file)
2025-09-01T10:04:31.609590+00:00 DEBUG 'ansible_navigator.main' Running with playbook_artifact_replay as '/.artifacts' (str/Settings file)
2025-09-01T10:04:31.609751+00:00 DEBUG 'ansible_navigator.main' Running with playbook_artifact_save_as as './artifacts/{playbook_dir}/{playbook_name}-artifact-{time_stamp}.json' (str/Settings file)
2025-09-01T10:04:31.609873+00:00 DEBUG 'ansible_navigator.main' Running with plugin_name as 'Not set' (Constants/Not set)
2025-09-01T10:04:31.609924+00:00 DEBUG 'ansible_navigator.main' Running with plugin_type as 'module' (str/Defaults)
2025-09-01T10:04:31.610044+00:00 DEBUG 'ansible_navigator.main' Running with pull_arguments as 'Not set' (Constants/Not set)
2025-09-01T10:04:31.610177+00:00 DEBUG 'ansible_navigator.main' Running with pull_policy as 'tag' (str/Defaults)
2025-09-01T10:04:31.610234+00:00 DEBUG 'ansible_navigator.main' Running with set_environment_variable as 'Not set' (Constants/Not set)
2025-09-01T10:04:31.610302+00:00 DEBUG 'ansible_navigator.main' Running with settings_effective as 'False' (bool/Defaults)
2025-09-01T10:04:31.610403+00:00 DEBUG 'ansible_navigator.main' Running with settings_sample as 'False' (bool/Defaults)
2025-09-01T10:04:31.610452+00:00 DEBUG 'ansible_navigator.main' Running with settings_schema as 'json' (str/Defaults)
2025-09-01T10:04:31.610486+00:00 DEBUG 'ansible_navigator.main' Running with settings_sources as 'False' (bool/Defaults)
2025-09-01T10:04:31.610514+00:00 DEBUG 'ansible_navigator.main' Running with time_zone as 'UTC' (str/Defaults)
2025-09-01T10:04:31.610581+00:00 DEBUG 'ansible_navigator.main' Running with workdir as '/home/vorpax/dev/homelab/ansible' (str/Defaults)
2025-09-01T10:04:31.610792+00:00 INFO 'ansible_navigator.image_manager.puller._log_message' Image tag is: latest
2025-09-01T10:04:31.610926+00:00 DEBUG 'ansible_navigator.image_manager.puller._log_message' Command: docker image inspect ghcr.io/ansible/community-ansible-dev-tools:latest
2025-09-01T10:04:32.007897+00:00 INFO 'ansible_navigator.image_manager.puller._log_message' Execution environment image name:: ghcr.io/ansible/community-ansible-dev-tools:latest
2025-09-01T10:04:32.008384+00:00 INFO 'ansible_navigator.image_manager.puller._log_message' Execution environment image tag:: latest
2025-09-01T10:04:32.008571+00:00 INFO 'ansible_navigator.image_manager.puller._log_message' Execution environment pull arguments:: None
2025-09-01T10:04:32.008746+00:00 INFO 'ansible_navigator.image_manager.puller._log_message' Execution environment pull policy:: tag
2025-09-01T10:04:32.008959+00:00 INFO 'ansible_navigator.image_manager.puller._log_message' Execution environment pull needed:: True
2025-09-01T10:04:33.415104+00:00 INFO 'ansible_navigator.image_manager.puller._log_message' Execution environment updated
2025-09-01T10:04:33.416058+00:00 DEBUG 'ansible_navigator.cache_scripts' No update required for /home/vorpax/dev/homelab/ansible/.venv/lib/python3.10/site-packages/ansible_navigator/data/catalog_collections.py to /home/vorpax/.cache/ansible-navigator/catalog_collections.py
2025-09-01T10:04:33.416457+00:00 DEBUG 'ansible_navigator.cache_scripts' No update required for /home/vorpax/dev/homelab/ansible/.venv/lib/python3.10/site-packages/ansible_navigator/data/image_introspect.py to /home/vorpax/.cache/ansible-navigator/image_introspect.py
2025-09-01T10:04:33.416785+00:00 DEBUG 'ansible_navigator.cache_scripts' No update required for /home/vorpax/dev/homelab/ansible/.venv/lib/python3.10/site-packages/ansible_navigator/data/python_latest.sh to /home/vorpax/.cache/ansible-navigator/python_latest.sh
